Thu Jan 15 21:27:58 CET 2026
NVIDIA H100
W0115 21:28:02.119145 2925166 cuda_executor.cc:1802] GPU interconnect information not available: INTERNAL: NVML doesn't support extracting fabric info or NVLink is not used by the device.
W0115 21:28:02.125662 2925083 cuda_executor.cc:1802] GPU interconnect information not available: INTERNAL: NVML doesn't support extracting fabric info or NVLink is not used by the device.
21:28 ninjax INFO    : Checking and setting outdir
21:28 ninjax INFO    : The outdir is set to .
21:28 ninjax INFO    : Loading the given config
21:28 ninjax INFO    : Arguments loaded into the config: {'likelihood': 'HeterodynedPhaseMarginalizedLikelihoodFD', 'gw_injection': 'True', 'gw_load_existing_injection': 'True', 'gw_SNR_threshold_low': '20', 'gw_SNR_threshold_high': '50', 'gw_max_injection_attempts': '20', 'waveform_approximant': 'TaylorF2', 'ifos': 'H1,L1,V1', 'eos_file': 'None', 'center_chirp_mass_prior': 'True', 'chirp_mass_prior_delta': '0.10', 'fmin': '20.0', 'fref': '20.0', 'fmax': '2048.0', 'duration': 'None', 'post_trigger_duration': '2.0', 'trigger_time': '1187008882.4', 'psd_file_H1': 'AplusDesign_PSD.txt', 'psd_file_L1': 'AplusDesign_PSD.txt', 'psd_file_V1': 'AdV_psd.txt', 'psd_file_ET1': '/home/twouters2/psds/ET_D_psd.txt', 'psd_file_ET2': '/home/twouters2/psds/ET_D_psd.txt', 'psd_file_ET3': '/home/twouters2/psds/ET_D_psd.txt', 'psd_file_CE': '/home/twouters2/psds/CE_psd.txt', 'data_file_H1': 'None', 'data_file_L1': 'None', 'data_file_V1': 'None', 'data_file_ET1': 'None', 'data_file_ET2': 'None', 'data_file_ET3': 'None', 'relative_binning_binsize': '500', 'relative_binning_ref_params_equal_true_params': 'True', 'relative_binning_ref_params': 'None', 'transforms': 'None', 'gw_kwargs': 'None', 'n_chains': '1000', 'n_local_steps': '500', 'n_global_steps': '1000', 'n_training_loops': '50', 'n_production_loops': '20', 'n_epochs': '50', 'mala_step_size': '1e-5', 'mala_step_size_scale': 'None', 'chain_batch_size': '0', 'batch_size': '5000', 'n_max_examples': '5000', 'rq_spline_hidden_units': '128,128', 'rq_spline_n_bins': '8', 'rq_spline_n_layers': '10', 'learning_rate': '0.001', 'local_thinning': '50', 'global_thinning': '100', 'n_NFproposal_batch_size': '100', 'history_window': '100', 'n_temperatures': '0', 'max_temperature': '10.0', 'n_tempered_steps': '5', 'verbose': 'False', 'save_training_chains': 'False', 'use_scheduler': 'False', 'seed': 'None', 'sampling_seed': '1', 'run_sampler': 'True', 'keys_to_plot': 'M_c, q, s1_z, s2_z, lambda_1, lambda_2, d_L, t_c, phase_c, iota, psi, ra, dec'}
21:28 ninjax INFO    : Complete config file written to /gpfs/home6/twouters2/projects/05_ninjax_injections/ninjax/examples/example_3/complete_config.json
21:28 ninjax INFO    : No seed specified. Generating a random seed: 120736
21:28 ninjax INFO    : Loading the priors
21:28 ninjax INFO    :    Mc_prior = UniformPrior(1.0, 2.2, parameter_names=['M_c'])
21:28 ninjax INFO    :    q_prior = UniformPrior(0.5, 1.0, parameter_names=['q'])
21:28 ninjax INFO    :    s1z_prior = UniformPrior(-0.05, 0.05, parameter_names=['s1_z'])
21:28 ninjax INFO    :    s2z_prior = UniformPrior(-0.05, 0.05, parameter_names=['s2_z'])
21:28 ninjax INFO    :    lambda_1_prior = UniformPrior(0.0, 5000.0, parameter_names=['lambda_1'])
21:28 ninjax INFO    :    lambda_2_prior = UniformPrior(0.0, 5000.0, parameter_names=['lambda_2'])
21:28 ninjax INFO    :    dL_prior = PowerLawPrior(1.0, 200.0, 2.0, parameter_names=['d_L'])
21:28 ninjax INFO    :    tc_prior = UniformPrior(-0.1, 0.1, parameter_names=['t_c'])
21:28 ninjax INFO    :    phase_c_prior = UniformPrior(0.0, 2 * jnp.pi, parameter_names=['phase_c'])
21:28 ninjax INFO    :    iota_prior = SinePrior(parameter_names=["iota"])
21:28 ninjax INFO    :    psi_prior = UniformPrior(0.0, jnp.pi, parameter_names=["psi"])
21:28 ninjax INFO    :    ra_prior = UniformPrior(0.0, 2 * jnp.pi, parameter_names=["ra"])
21:28 ninjax INFO    :    dec_prior = CosinePrior(parameter_names=["dec"])
21:28 ninjax INFO    : Finished prior setup
21:28 ninjax INFO    : Setting the transforms
21:28 ninjax INFO    : Built sample_transforms pipeline with 0 transforms
21:28 ninjax INFO    : Built likelihood_transforms pipeline with 1 transforms
21:28 ninjax INFO    : Setting the likelihood
21:28 ninjax INFO    : GW likelihood provided, setting up the GW pipe
21:28 ninjax INFO    : eos_file is None
21:28 ninjax INFO    : No eos_file specified. Will sample lambdas uniformly.
21:28 ninjax INFO    : GW run is an injection
21:28 ninjax INFO    : Setting up GW injection . . . 
21:28 ninjax INFO    : The SNR thresholds are: 20.0 - 50.0
21:28 ninjax INFO    : Maximum injection attempts allowed: 20
21:28 ninjax INFO    : Loading existing injection, path: ./injection.json
21:28 ninjax INFO    : Duration is not specified in the config. Computed chirp time: for fmin = 20.0 and M_c = 1.4 is 128.0
21:28 ninjax INFO    : After transforms, the injection parameters are:
21:28 ninjax INFO    : {'M_c': 1.4, 's1_z': 0.01, 's2_z': 0.02, 'lambda_1': 200.0, 'lambda_2': 500.0, 'd_L': 100.0, 't_c': -0.0895451428029396, 'phase_c': 3.8567087000372386, 'iota': 0.8337374361881844, 'psi': 2.634020274327402, 'ra': 5.446571919019908, 'dec': 0.93640500992398, 'H1_SNR': 33.88647572807246, 'L1_SNR': 22.943843222546917, 'V1_SNR': 11.062994837277804, 'network_SNR': 42.39225204986982, 'epoch': 126.0, 'gmst': 2.7288901910520846, 'trigger_time': 1187008882.4, 'duration': 128.0, 'eta': 0.24387917322593855}
21:28 ninjax INFO    : The trial injection parameters are {'M_c': 1.4, 's1_z': 0.01, 's2_z': 0.02, 'lambda_1': 200.0, 'lambda_2': 500.0, 'd_L': 100.0, 't_c': -0.0895451428029396, 'phase_c': 3.8567087000372386, 'iota': 0.8337374361881844, 'psi': 2.634020274327402, 'ra': 5.446571919019908, 'dec': 0.93640500992398, 'H1_SNR': 33.88647572807246, 'L1_SNR': 22.943843222546917, 'V1_SNR': 11.062994837277804, 'network_SNR': 42.39225204986982, 'epoch': 126.0, 'gmst': np.float64(2.7288901910520846), 'trigger_time': 1187008882.4, 'duration': 128.0, 'eta': 0.24387917322593855}
21:28 ninjax INFO    : Injecting signals . . .
21:28 ninjax INFO    : self.ifos
21:28 ninjax INFO    : [GroundBased2G(H1), GroundBased2G(L1), GroundBased2G(V1)]
21:28 ninjax INFO    : Loading PSD from file: /gpfs/home6/twouters2/projects/05_ninjax_injections/ninjax/src/ninjax/AplusDesign_PSD.txt
21:28 ninjax INFO    : Signal injected in ifo H1. Frequencies, data, and PSD:
21:28 ninjax INFO    : [0.00000000e+00 7.81250000e-03 1.56250000e-02 ... 2.04798438e+03
 2.04799219e+03 2.04800000e+03]
21:28 ninjax INFO    : Data(name='H1_injected', delta_t=0.000244140625, epoch=126.0)
21:28 ninjax INFO    : PowerSpectrum(name='H1_psd', frequencies=[0.00000000e+00 7.81250000e-03 1.56250000e-02 ... 2.04798438e+03
 2.04799219e+03 2.04800000e+03])
21:28 ninjax INFO    : Loading PSD from file: /gpfs/home6/twouters2/projects/05_ninjax_injections/ninjax/src/ninjax/AplusDesign_PSD.txt
21:28 ninjax INFO    : Signal injected in ifo L1. Frequencies, data, and PSD:
21:28 ninjax INFO    : [0.00000000e+00 7.81250000e-03 1.56250000e-02 ... 2.04798438e+03
 2.04799219e+03 2.04800000e+03]
21:28 ninjax INFO    : Data(name='L1_injected', delta_t=0.000244140625, epoch=126.0)
21:28 ninjax INFO    : PowerSpectrum(name='L1_psd', frequencies=[0.00000000e+00 7.81250000e-03 1.56250000e-02 ... 2.04798438e+03
 2.04799219e+03 2.04800000e+03])
21:28 ninjax INFO    : Loading PSD from file: /gpfs/home6/twouters2/projects/05_ninjax_injections/ninjax/src/ninjax/AdV_psd.txt
21:28 ninjax INFO    : Signal injected in ifo V1. Frequencies, data, and PSD:
21:28 ninjax INFO    : [0.00000000e+00 7.81250000e-03 1.56250000e-02 ... 2.04798438e+03
 2.04799219e+03 2.04800000e+03]
21:28 ninjax INFO    : Data(name='V1_injected', delta_t=0.000244140625, epoch=126.0)
21:28 ninjax INFO    : PowerSpectrum(name='V1_psd', frequencies=[0.00000000e+00 7.81250000e-03 1.56250000e-02 ... 2.04798438e+03
 2.04799219e+03 2.04800000e+03])
21:28 ninjax INFO    : SNR for ifo H1 is 33.886475817398065
21:28 ninjax INFO    : SNR for ifo L1 is 22.943843283027466
21:28 ninjax INFO    : SNR for ifo V1 is 11.062994866440137
21:28 ninjax INFO    : The network SNR is 42.39225216161686
21:28 ninjax INFO    : Network SNR passes threshold
21:28 ninjax INFO    : Sanity checking the GW injection for ArrayImpl
21:28 ninjax INFO    :    M_c: 1.4
21:28 ninjax INFO    :    q: 0.7293985440171007
21:28 ninjax INFO    :    s1_z: 0.01
21:28 ninjax INFO    :    s2_z: 0.02
21:28 ninjax INFO    :    lambda_1: 200.0
21:28 ninjax INFO    :    lambda_2: 500.0
21:28 ninjax INFO    :    d_L: 100.0
21:28 ninjax INFO    :    t_c: -0.0895451428029396
21:28 ninjax INFO    :    phase_c: 3.8567087000372386
21:28 ninjax INFO    :    iota: 0.8337374361881844
21:28 ninjax INFO    :    psi: 2.634020274327402
21:28 ninjax INFO    :    ra: 5.446571919019908
21:28 ninjax INFO    :    dec: 0.93640500992398
21:28 ninjax INFO    :    H1_SNR: 33.886475817398065
21:28 ninjax INFO    :    L1_SNR: 22.943843283027466
21:28 ninjax INFO    :    V1_SNR: 11.062994866440137
21:28 ninjax INFO    :    network_SNR: 42.39225216161686
21:28 ninjax INFO    :    epoch: 126.0
21:28 ninjax INFO    :    gmst: 2.7288901910520846
21:28 ninjax INFO    :    trigger_time: 1187008882.4
21:28 ninjax INFO    :    duration: 128.0
21:28 ninjax INFO    : Using GW HeterodynedPhaseMarginalizedLikelihoodFD (heterodyned + phase-marginalized). Initializing likelihood
21:28 ninjax INFO    : Using the injection parameters as reference parameters for the relative binning
21:28 ninjax INFO    : Using the following kwargs for the GW likelihood: {}
21:28 ninjax INFO    : Applying likelihood transforms to reference parameters
21:28 ninjax INFO    : Transformed ref_params keys: ['M_c', 's1_z', 's2_z', 'lambda_1', 'lambda_2', 'd_L', 't_c', 'phase_c', 'iota', 'psi', 'ra', 'dec', 'H1_SNR', 'L1_SNR', 'V1_SNR', 'network_SNR', 'epoch', 'gmst', 'trigger_time', 'duration', 'eta']
21:28 ninjax INFO    : Initialization of HeterodynedPhaseMarginalizedLikelihoodFD took 9.643776893615723 seconds = 0.16072961489359539 minutes
21:28 ninjax INFO    : Checking if chirp mass prior recentering is enabled
21:28 ninjax INFO    : Recentering chirp mass prior around injected value: M_c = 1.4
21:28 ninjax INFO    : New chirp mass prior bounds: [1.2999999999999998, 1.5] (delta = 0.1)
21:28 ninjax INFO    : Replaced M_c prior with centered prior: UniformPrior(1.2999999999999998, 1.5)
21:28 ninjax INFO    : Successfully recentered chirp mass prior
21:28 ninjax INFO    : Will plot these keys: ['M_c', 'q', 's1_z', 's2_z', 'lambda_1', 'lambda_2', 'd_L', 't_c', 'phase_c', 'iota', 'psi', 'ra', 'dec']
21:28 ninjax INFO    : Will plot the labels: ['$M_c/M_\\odot$', '$q$', '$\\chi_1$', '$\\chi_2$', '$\\Lambda_1$', '$\\Lambda_2$', '$d_{\\rm{L}}/{\\rm Mpc}$', '$t_c$', '$\\phi_c$', '$\\iota$', '$\\psi$', '$\\alpha$', '$\\delta$']
21:28 ninjax INFO    : Ninjax setup complete.
21:28 ninjax INFO    : Saving output to ./
21:28 ninjax INFO    : The hyperparameters passed to Jim are:
21:28 ninjax INFO    :    n_chains: 1000
21:28 ninjax INFO    :    n_local_steps: 500
21:28 ninjax INFO    :    n_global_steps: 1000
21:28 ninjax INFO    :    n_training_loops: 50
21:28 ninjax INFO    :    n_production_loops: 20
21:28 ninjax INFO    :    n_epochs: 50
21:28 ninjax INFO    :    mala_step_size: 1e-05
21:28 ninjax INFO    :    chain_batch_size: 0
21:28 ninjax INFO    :    batch_size: 5000
21:28 ninjax INFO    :    n_max_examples: 5000
21:28 ninjax INFO    :    rq_spline_hidden_units: [128, 128]
21:28 ninjax INFO    :    rq_spline_n_bins: 8
21:28 ninjax INFO    :    rq_spline_n_layers: 10
21:28 ninjax INFO    :    learning_rate: 0.001
21:28 ninjax INFO    :    local_thinning: 50
21:28 ninjax INFO    :    global_thinning: 100
21:28 ninjax INFO    :    n_NFproposal_batch_size: 100
21:28 ninjax INFO    :    history_window: 100
21:28 ninjax INFO    :    n_temperatures: 0
21:28 ninjax INFO    :    max_temperature: 10.0
21:28 ninjax INFO    :    n_tempered_steps: 5
21:28 ninjax INFO    :    verbose: False
21:28 ninjax INFO    : Analysis configuration:
21:28 ninjax INFO    :    save_training_chains: False
21:28 ninjax INFO    :    use_scheduler: False
21:28 ninjax INFO    : Fetching the injected values for plotting
21:32 ninjax INFO    : Saving training results to ./results_training.npz
21:32 ninjax INFO    : Saving the NF model
21:32 ninjax INFO    : Sampling from the trained NF
21:32 ninjax INFO    : Saving production results to ./results_production.npz
21:32 ninjax INFO    : Time taken: 244.82992601394653 seconds (4.080498766899109 minutes)
21:32 ninjax INFO    : Creating the final corner plot
21:32 ninjax INFO    : Dumping the final production chains
21:32 ninjax INFO    : Chains shape is: (13, 400000)
21:32 ninjax INFO    : Finished successfully!
DONE
