Thu Dec 11 11:22:08 CET 2025
NVIDIA H100
11:22 ninjax INFO    : Checking and setting outdir
11:22 ninjax INFO    : The outdir is set to .
11:22 ninjax INFO    : Loading the given config
11:22 ninjax INFO    : Arguments loaded into the config: {'likelihood': 'HeterodynedTransientLikelihoodFD', 'gw_injection': 'True', 'gw_load_existing_injection': 'True', 'gw_SNR_threshold_low': '20', 'gw_SNR_threshold_high': '50', 'gw_max_injection_attempts': '20', 'waveform_approximant': 'TaylorF2QM_taper', 'ifos': 'H1,L1,V1', 'eos_file': 'None', 'center_chirp_mass_prior': 'True', 'chirp_mass_prior_delta': '0.10', 'fmin': '20.0', 'fref': '20.0', 'fmax': '2048.0', 'duration': 'None', 'post_trigger_duration': '2.0', 'trigger_time': '1187008882.4', 'psd_file_H1': 'AplusDesign_PSD.txt', 'psd_file_L1': 'AplusDesign_PSD.txt', 'psd_file_V1': 'AdV_psd.txt', 'psd_file_ET1': '/home/twouters2/psds/ET_D_psd.txt', 'psd_file_ET2': '/home/twouters2/psds/ET_D_psd.txt', 'psd_file_ET3': '/home/twouters2/psds/ET_D_psd.txt', 'psd_file_CE': '/home/twouters2/psds/CE_psd.txt', 'data_file_H1': 'None', 'data_file_L1': 'None', 'data_file_V1': 'None', 'data_file_ET1': 'None', 'data_file_ET2': 'None', 'data_file_ET3': 'None', 'relative_binning_binsize': '500', 'relative_binning_ref_params_equal_true_params': 'True', 'relative_binning_ref_params': 'None', 'transforms': 'None', 'gw_kwargs': 'None', 'n_chains': '1000', 'n_local_steps': '10', 'n_global_steps': '10', 'n_training_loops': '3', 'n_production_loops': '3', 'n_epochs': '50', 'mala_step_size': '1e-5', 'mala_step_size_scale': 'None', 'chain_batch_size': '0', 'batch_size': '5000', 'n_max_examples': '5000', 'rq_spline_hidden_units': '128,128', 'rq_spline_n_bins': '8', 'rq_spline_n_layers': '10', 'learning_rate': '0.001', 'local_thinning': '50', 'global_thinning': '100', 'n_NFproposal_batch_size': '100', 'history_window': '100', 'n_temperatures': '0', 'max_temperature': '10.0', 'n_tempered_steps': '5', 'verbose': 'False', 'save_training_chains': 'False', 'use_scheduler': 'False', 'seed': 'None', 'sampling_seed': '1', 'run_sampler': 'True', 'keys_to_plot': 'M_c, q, s1_z, s2_z, lambda_1, lambda_2, f_stop, a_1, a_2, d_L, t_c, phase_c, iota, psi, ra, dec'}
11:22 ninjax INFO    : Complete config file written to /gpfs/home1/mdrent/ninjax/examples/example_SSM/complete_config.json
11:22 ninjax INFO    : No seed specified. Generating a random seed: 472222
11:22 ninjax INFO    : Loading the priors
11:22 ninjax INFO    :    Mc_prior = UniformPrior(1.0, 2.2, parameter_names=['M_c'])
11:22 ninjax INFO    :    q_prior = UniformPrior(0.5, 1.0, parameter_names=['q'])
11:22 ninjax INFO    :    s1z_prior = UniformPrior(-0.05, 0.05, parameter_names=['s1_z'])
11:22 ninjax INFO    :    s2z_prior = UniformPrior(-0.05, 0.05, parameter_names=['s2_z'])
11:22 ninjax INFO    :    lambda_1_prior = UniformPrior(0.0, 5000.0, parameter_names=['lambda_1'])
11:22 ninjax INFO    :    lambda_2_prior = UniformPrior(0.0, 5000.0, parameter_names=['lambda_2'])
11:22 ninjax INFO    :    C1_prior = UniformPrior(0.01, 0.5, parameter_names=['C_1'])
11:22 ninjax INFO    :    C2_prior = UniformPrior(0.01, 0.5, parameter_names=['C_2'])
11:22 ninjax INFO    :    a1_prior = UniformPrior(0., 10., parameter_names=['a_1'])
11:22 ninjax INFO    :    a2_prior = UniformPrior(0., 10., parameter_names=['a_2'])
11:22 ninjax INFO    :    dL_prior = PowerLawPrior(1.0, 200.0, 2.0, parameter_names=['d_L'])
11:22 ninjax INFO    :    tc_prior = UniformPrior(-0.1, 0.1, parameter_names=['t_c'])
11:22 ninjax INFO    :    phase_c_prior = UniformPrior(0.0, 2 * jnp.pi, parameter_names=['phase_c'])
11:22 ninjax INFO    :    iota_prior = SinePrior(parameter_names=["iota"])
11:22 ninjax INFO    :    psi_prior = UniformPrior(0.0, jnp.pi, parameter_names=["psi"])
11:22 ninjax INFO    :    ra_prior = UniformPrior(0.0, 2 * jnp.pi, parameter_names=["ra"])
11:22 ninjax INFO    :    dec_prior = CosinePrior(parameter_names=["dec"])
11:22 ninjax INFO    : Finished prior setup
11:22 ninjax INFO    : Setting the transforms
11:22 ninjax INFO    : Built sample_transforms pipeline with 0 transforms
11:22 ninjax INFO    : Built likelihood_transforms pipeline with 2 transforms
11:22 ninjax INFO    : Setting the likelihood
11:22 ninjax INFO    : GW likelihood provided, setting up the GW pipe
11:22 ninjax INFO    : eos_file is None
11:22 ninjax INFO    : No eos_file specified. Will sample lambdas uniformly.
11:22 ninjax INFO    : GW run is an injection
11:22 ninjax INFO    : Setting up GW injection . . . 
11:22 ninjax INFO    : The SNR thresholds are: 20.0 - 50.0
11:22 ninjax INFO    : Maximum injection attempts allowed: 20
11:22 ninjax INFO    : Loading existing injection, path: ./injection.json
11:22 ninjax INFO    : Duration is not specified in the config. Computed chirp time: for fmin = 20.0 and M_c = 1.3023405409630757 is 256.0
11:22 ninjax INFO    : After transforms, the injection parameters are:
11:22 ninjax INFO    : {'M_c': 1.3023405409630757, 's1_z': 0.01, 's2_z': 0.01, 'lambda_1': 232.9613208692348, 'lambda_2': 520.598134087556, 'a_1': 0, 'a_2': 0, 'd_L': 120.0, 't_c': -0.05815957557656209, 'phase_c': 1.1644515460827842, 'iota': 0.8337374361881844, 'psi': 0.6902000288427731, 'ra': 5.446571919019908, 'dec': 0.93640500992398, 'H1_SNR': 25.23627687028645, 'L1_SNR': 17.408239438994038, 'V1_SNR': 8.314912418974657, 'network_SNR': 31.765614100380954, 'epoch': 254.0, 'gmst': 2.7288901910520846, 'trigger_time': 1187008882.4, 'duration': 256.0, 'eta': 0.24888888888888885, 'f_stop': Array(11725.7993617, dtype=float64, weak_type=True)}
11:22 ninjax INFO    : The trial injection parameters are {'M_c': 1.3023405409630757, 's1_z': 0.01, 's2_z': 0.01, 'lambda_1': 232.9613208692348, 'lambda_2': 520.598134087556, 'a_1': 0.0, 'a_2': 0.0, 'd_L': 120.0, 't_c': -0.05815957557656209, 'phase_c': 1.1644515460827842, 'iota': 0.8337374361881844, 'psi': 0.6902000288427731, 'ra': 5.446571919019908, 'dec': 0.93640500992398, 'H1_SNR': 25.23627687028645, 'L1_SNR': 17.408239438994038, 'V1_SNR': 8.314912418974657, 'network_SNR': 31.765614100380954, 'epoch': 254.0, 'gmst': np.float64(2.7288901910520846), 'trigger_time': 1187008882.4, 'duration': 256.0, 'eta': 0.24888888888888885, 'f_stop': 11725.79936169814}
11:22 ninjax INFO    : Injecting signals . . .
11:22 ninjax INFO    : self.ifos
11:22 ninjax INFO    : [GroundBased2G(H1), GroundBased2G(L1), GroundBased2G(V1)]
11:22 ninjax INFO    : Loading PSD from file: /gpfs/home1/mdrent/ninjax/src/ninjax/AplusDesign_PSD.txt
11:22 ninjax INFO    : Signal injected in ifo H1. Frequencies, data, and PSD:
11:22 ninjax INFO    : [0.00000000e+00 3.90625000e-03 7.81250000e-03 ... 2.04799219e+03
 2.04799609e+03 2.04800000e+03]
11:22 ninjax INFO    : Data(name='H1_injected', delta_t=0.000244140625, epoch=254.0)
11:22 ninjax INFO    : PowerSpectrum(name='H1_psd', frequencies=[0.00000000e+00 3.90625000e-03 7.81250000e-03 ... 2.04799219e+03
 2.04799609e+03 2.04800000e+03])
11:22 ninjax INFO    : Loading PSD from file: /gpfs/home1/mdrent/ninjax/src/ninjax/AplusDesign_PSD.txt
11:22 ninjax INFO    : Signal injected in ifo L1. Frequencies, data, and PSD:
11:22 ninjax INFO    : [0.00000000e+00 3.90625000e-03 7.81250000e-03 ... 2.04799219e+03
 2.04799609e+03 2.04800000e+03]
11:22 ninjax INFO    : Data(name='L1_injected', delta_t=0.000244140625, epoch=254.0)
11:22 ninjax INFO    : PowerSpectrum(name='L1_psd', frequencies=[0.00000000e+00 3.90625000e-03 7.81250000e-03 ... 2.04799219e+03
 2.04799609e+03 2.04800000e+03])
11:22 ninjax INFO    : Loading PSD from file: /gpfs/home1/mdrent/ninjax/src/ninjax/AdV_psd.txt
11:22 ninjax INFO    : Signal injected in ifo V1. Frequencies, data, and PSD:
11:22 ninjax INFO    : [0.00000000e+00 3.90625000e-03 7.81250000e-03 ... 2.04799219e+03
 2.04799609e+03 2.04800000e+03]
11:22 ninjax INFO    : Data(name='V1_injected', delta_t=0.000244140625, epoch=254.0)
11:22 ninjax INFO    : PowerSpectrum(name='V1_psd', frequencies=[0.00000000e+00 3.90625000e-03 7.81250000e-03 ... 2.04799219e+03
 2.04799609e+03 2.04800000e+03])
11:22 ninjax INFO    : SNR for ifo H1 is 25.23627687028645
11:22 ninjax INFO    : SNR for ifo L1 is 17.408239438994038
11:22 ninjax INFO    : SNR for ifo V1 is 8.314912418974657
11:22 ninjax INFO    : The network SNR is 31.765614100380954
11:22 ninjax INFO    : Network SNR passes threshold
11:22 ninjax INFO    : Sanity checking the GW injection for ArrayImpl
11:22 ninjax INFO    :    M_c: 1.3023405409630757
11:22 ninjax INFO    :    q: 0.8749999999999999
11:22 ninjax INFO    :    s1_z: 0.01
11:22 ninjax INFO    :    s2_z: 0.01
11:22 ninjax INFO    :    lambda_1: 232.9613208692348
11:22 ninjax INFO    :    lambda_2: 520.598134087556
11:22 ninjax INFO    :    C_1: 2
11:22 ninjax INFO    :    C_2: 2
11:22 ninjax INFO    :    a_1: 0
11:22 ninjax INFO    :    a_2: 0
11:22 ninjax INFO    :    d_L: 120.0
11:22 ninjax INFO    :    t_c: -0.05815957557656209
11:22 ninjax INFO    :    phase_c: 1.1644515460827842
11:22 ninjax INFO    :    iota: 0.8337374361881844
11:22 ninjax INFO    :    psi: 0.6902000288427731
11:22 ninjax INFO    :    ra: 5.446571919019908
11:22 ninjax INFO    :    dec: 0.93640500992398
11:22 ninjax INFO    :    H1_SNR: 25.23627687028645
11:22 ninjax INFO    :    L1_SNR: 17.408239438994038
11:22 ninjax INFO    :    V1_SNR: 8.314912418974657
11:22 ninjax INFO    :    network_SNR: 31.765614100380954
11:22 ninjax INFO    :    epoch: 254.0
11:22 ninjax INFO    :    gmst: 2.7288901910520846
11:22 ninjax INFO    :    trigger_time: 1187008882.4
11:22 ninjax INFO    :    duration: 256.0
11:22 ninjax INFO    : Using GW HeterodynedTransientLikelihoodFD. Initializing likelihood
11:22 ninjax INFO    : Using the injection parameters as reference parameters for the relative binning
11:22 ninjax INFO    : Using the following kwargs for the GW likelihood: {}
11:22 ninjax INFO    : Applying likelihood transforms to reference parameters
11:22 ninjax INFO    : Transformed ref_params keys: ['M_c', 's1_z', 's2_z', 'lambda_1', 'lambda_2', 'a_1', 'a_2', 'd_L', 't_c', 'phase_c', 'iota', 'psi', 'ra', 'dec', 'H1_SNR', 'L1_SNR', 'V1_SNR', 'network_SNR', 'epoch', 'gmst', 'trigger_time', 'duration', 'eta', 'f_stop']
11:22 ninjax INFO    : Initialization of HeterodynedTransientLikelihoodFD took 8.28472638130188 seconds = 0.138078773021698 minutes
11:22 ninjax INFO    : Checking if chirp mass prior recentering is enabled
11:22 ninjax INFO    : Recentering chirp mass prior around injected value: M_c = 1.3023405409630757
11:22 ninjax INFO    : New chirp mass prior bounds: [1.2023405409630756, 1.4023405409630758] (delta = 0.1)
11:22 ninjax INFO    : Replaced M_c prior with centered prior: UniformPrior(1.2023405409630756, 1.4023405409630758)
11:22 ninjax INFO    : Successfully recentered chirp mass prior
11:22 ninjax INFO    : Will plot these keys: ['M_c', 'q', 's1_z', 's2_z', 'lambda_1', 'lambda_2', 'f_stop', 'a_1', 'a_2', 'd_L', 't_c', 'phase_c', 'iota', 'psi', 'ra', 'dec']
11:22 ninjax INFO    : Will plot the labels: ['$M_c/M_\\odot$', '$q$', '$\\chi_1$', '$\\chi_2$', '$\\Lambda_1$', '$\\Lambda_2$', '$f_{\\rm{stop}}', '$a_1$', '$a_2$', '$d_{\\rm{L}}/{\\rm Mpc}$', '$t_c$', '$\\phi_c$', '$\\iota$', '$\\psi$', '$\\alpha$', '$\\delta$']
11:22 ninjax INFO    : Ninjax setup complete.
11:22 ninjax INFO    : Saving output to ./
11:22 ninjax INFO    : The hyperparameters passed to Jim are:
11:22 ninjax INFO    :    n_chains: 1000
11:22 ninjax INFO    :    n_local_steps: 10
11:22 ninjax INFO    :    n_global_steps: 10
11:22 ninjax INFO    :    n_training_loops: 3
11:22 ninjax INFO    :    n_production_loops: 3
11:22 ninjax INFO    :    n_epochs: 50
11:22 ninjax INFO    :    mala_step_size: 1e-05
11:22 ninjax INFO    :    chain_batch_size: 0
11:22 ninjax INFO    :    batch_size: 5000
11:22 ninjax INFO    :    n_max_examples: 5000
11:22 ninjax INFO    :    rq_spline_hidden_units: [128, 128]
11:22 ninjax INFO    :    rq_spline_n_bins: 8
11:22 ninjax INFO    :    rq_spline_n_layers: 10
11:22 ninjax INFO    :    learning_rate: 0.001
11:22 ninjax INFO    :    local_thinning: 50
11:22 ninjax INFO    :    global_thinning: 100
11:22 ninjax INFO    :    n_NFproposal_batch_size: 100
11:22 ninjax INFO    :    history_window: 100
11:22 ninjax INFO    :    n_temperatures: 0
11:22 ninjax INFO    :    max_temperature: 10.0
11:22 ninjax INFO    :    n_tempered_steps: 5
11:22 ninjax INFO    :    verbose: False
11:22 ninjax INFO    : Analysis configuration:
11:22 ninjax INFO    :    save_training_chains: False
11:22 ninjax INFO    :    use_scheduler: False
11:22 ninjax INFO    : Fetching the injected values for plotting
For detector H1, the injected signal has:
  - Optimal SNR: 25.2363
  - Match filtered SNR: 25.5213-0.3802j
For detector L1, the injected signal has:
  - Optimal SNR: 17.4082
  - Match filtered SNR: 17.9869+1.7038j
For detector V1, the injected signal has:
  - Optimal SNR: 8.3149
  - Match filtered SNR: 7.1185+0.3053j
No sample transforms provided. Using prior parameters as sampling parameters
Resources or strategies not provided. Using resource strategy bundles.
Transforming C1 and C2 to f_stop for injection values
No initial_position provided. Sampling from prior.
  0%|          | 0/33 [00:00<?, ?it/s]  3%|▎         | 1/33 [00:00<00:03,  9.34it/s]  3%|▎         | 1/33 [00:19<10:28, 19.64s/it]
Compiling MALA body
Traceback (most recent call last):
  File "/home/mdrent/miniconda3/envs/Jim/bin/ninjax_analysis", line 7, in <module>
    sys.exit(main())
             ^^^^^^
  File "/gpfs/home1/mdrent/ninjax/src/ninjax/analysis.py", line 307, in main
    body(pipe)
  File "/gpfs/home1/mdrent/ninjax/src/ninjax/analysis.py", line 223, in body
    jim.sample()
  File "/gpfs/home1/mdrent/jim/src/jimgw/core/jim.py", line 211, in sample
    self.sampler.sample(initial_position, {})
  File "/gpfs/home1/mdrent/flowMC/src/flowMC/Sampler.py", line 107, in sample
    ) = self.strategies[
        ^^^^^^^^^^^^^^^^
  File "/gpfs/home1/mdrent/flowMC/src/flowMC/strategy/take_steps.py", line 140, in __call__
    position_buffer.update_buffer(positions, self.current_position)
  File "/gpfs/home1/mdrent/flowMC/src/flowMC/resource/buffers.py", line 39, in update_buffer
    self.data = jax.lax.dynamic_update_slice_in_dim(
                ^^^^^^^^^^^^^^^^^^^^^^^^^^^^^^^^^^^^
  File "/home/mdrent/miniconda3/envs/Jim/lib/python3.11/site-packages/jax/_src/lax/slicing.py", line 1268, in dynamic_update_slice_in_dim
    return dynamic_update_slice(operand, update, start_indices,
           ^^^^^^^^^^^^^^^^^^^^^^^^^^^^^^^^^^^^^^^^^^^^^^^^^^^^
  File "/home/mdrent/miniconda3/envs/Jim/lib/python3.11/site-packages/jax/_src/lax/slicing.py", line 244, in dynamic_update_slice
    return dynamic_update_slice_p.bind(operand, update, *start_indices)
           ^^^^^^^^^^^^^^^^^^^^^^^^^^^^^^^^^^^^^^^^^^^^^^^^^^^^^^^^^^^^
  File "/home/mdrent/miniconda3/envs/Jim/lib/python3.11/site-packages/jax/_src/core.py", line 632, in bind
    return self._true_bind(*args, **params)
           ^^^^^^^^^^^^^^^^^^^^^^^^^^^^^^^^
  File "/home/mdrent/miniconda3/envs/Jim/lib/python3.11/site-packages/jax/_src/core.py", line 648, in _true_bind
    return self.bind_with_trace(prev_trace, args, params)
           ^^^^^^^^^^^^^^^^^^^^^^^^^^^^^^^^^^^^^^^^^^^^^^
  File "/home/mdrent/miniconda3/envs/Jim/lib/python3.11/site-packages/jax/_src/core.py", line 660, in bind_with_trace
    return trace.process_primitive(self, args, params)
           ^^^^^^^^^^^^^^^^^^^^^^^^^^^^^^^^^^^^^^^^^^^
  File "/home/mdrent/miniconda3/envs/Jim/lib/python3.11/site-packages/jax/_src/core.py", line 1189, in process_primitive
    return primitive.impl(*args, **params)
           ^^^^^^^^^^^^^^^^^^^^^^^^^^^^^^^
  File "/home/mdrent/miniconda3/envs/Jim/lib/python3.11/site-packages/jax/_src/dispatch.py", line 94, in apply_primitive
    outs = fun(*args)
           ^^^^^^^^^^
TypeError: dynamic_update_slice update shape must be smaller than operand shape, got update shape (1000, 1, 17) for operand shape (1000, 0, 17).
--------------------
For simplicity, JAX has removed its internal frames from the traceback of the following exception. Set JAX_TRACEBACK_FILTERING=off to include these.
DONE
