Tue Dec  2 16:50:10 CET 2025
NVIDIA H100
W1202 16:50:15.718725 1855560 cuda_executor.cc:1802] GPU interconnect information not available: INTERNAL: NVML doesn't support extracting fabric info or NVLink is not used by the device.
W1202 16:50:15.729294 1855489 cuda_executor.cc:1802] GPU interconnect information not available: INTERNAL: NVML doesn't support extracting fabric info or NVLink is not used by the device.
16:50 ninjax INFO    : Checking and setting outdir
16:50 ninjax INFO    : The outdir is set to .
16:50 ninjax INFO    : Loading the given config
16:50 ninjax WARNING : Unrecognized keys given: {'use_global', 'keep_quantile', 'max_samples', 'num_bins', 'n_loop_production', 'train_thinning', 'momentum', 'eps_mass_matrix', 'num_layers', 'n_sample_max', 'output_thinning', 'n_loop_training', 'hidden_size'}. These will be ignored
16:50 ninjax INFO    : Arguments loaded into the config: {'likelihood': 'HeterodynedTransientLikelihoodFD', 'gw_injection': 'True', 'gw_load_existing_injection': 'False', 'gw_SNR_threshold_low': '20', 'gw_SNR_threshold_high': '50', 'gw_max_injection_attempts': '20', 'waveform_approximant': 'TaylorF2', 'ifos': 'H1,L1,V1', 'eos_file': 'None', 'fmin': '20.0', 'fref': '100.0', 'fmax': '2048.0', 'duration': 'None', 'post_trigger_duration': '2.0', 'trigger_time': '1187008882.4', 'psd_file_H1': 'AplusDesign_PSD.txt', 'psd_file_L1': 'AplusDesign_PSD.txt', 'psd_file_V1': 'AdV_psd.txt', 'psd_file_ET1': '/home/twouters2/psds/ET_D_psd.txt', 'psd_file_ET2': '/home/twouters2/psds/ET_D_psd.txt', 'psd_file_ET3': '/home/twouters2/psds/ET_D_psd.txt', 'psd_file_CE': '/home/twouters2/psds/CE_psd.txt', 'data_file_H1': 'None', 'data_file_L1': 'None', 'data_file_V1': 'None', 'data_file_ET1': 'None', 'data_file_ET2': 'None', 'data_file_ET3': 'None', 'relative_binning_binsize': '500', 'relative_binning_ref_params_equal_true_params': 'True', 'relative_binning_ref_params': 'None', 'transforms': 'None', 'gw_kwargs': 'None', 'n_chains': '1000', 'n_local_steps': '500', 'n_global_steps': '1000', 'n_training_loops': '20', 'n_production_loops': '10', 'n_epochs': '25', 'mala_step_size': '2e-3', 'mala_step_size_scale': 'None', 'chain_batch_size': '0', 'batch_size': '5000', 'n_max_examples': '30000', 'rq_spline_hidden_units': '128,128', 'rq_spline_n_bins': '10', 'rq_spline_n_layers': '8', 'learning_rate': '0.001', 'local_thinning': '1', 'global_thinning': '100', 'n_NFproposal_batch_size': '100', 'history_window': '100', 'n_temperatures': '0', 'max_temperature': '10.0', 'n_tempered_steps': '5', 'verbose': 'False', 'save_training_chains': 'False', 'use_scheduler': 'True', 'seed': 'None', 'sampling_seed': '1', 'run_sampler': 'True', 'keys_to_plot': 'M_c, q, s1_z, s2_z, lambda_1, lambda_2, d_L, t_c, phase_c, iota, psi, ra, dec'}
16:50 ninjax INFO    : Complete config file written to /gpfs/home6/twouters2/projects/dec_hackathon/ninjax/examples/example_1/complete_config.json
16:50 ninjax INFO    : No seed specified. Generating a random seed: 865343
16:50 ninjax INFO    : Loading the priors
16:50 ninjax INFO    :    Mc_prior = UniformPrior(1.0, 2.2, parameter_names=['M_c'])
16:50 ninjax INFO    :    q_prior = UniformPrior(0.5, 1.0, parameter_names=['q'])
16:50 ninjax INFO    :    s1z_prior = UniformPrior(-0.05, 0.05, parameter_names=['s1_z'])
16:50 ninjax INFO    :    s2z_prior = UniformPrior(-0.05, 0.05, parameter_names=['s2_z'])
16:50 ninjax INFO    :    lambda_1_prior = UniformPrior(0.0, 5000.0, parameter_names=['lambda_1'])
16:50 ninjax INFO    :    lambda_2_prior = UniformPrior(0.0, 5000.0, parameter_names=['lambda_2'])
16:50 ninjax INFO    :    dL_prior = PowerLawPrior(1.0, 200.0, 2.0, parameter_names=['d_L'])
16:50 ninjax INFO    :    tc_prior = UniformPrior(-0.1, 0.1, parameter_names=['t_c'])
16:50 ninjax INFO    :    phase_c_prior = UniformPrior(0.0, 2 * jnp.pi, parameter_names=['phase_c'])
16:50 ninjax INFO    :    iota_prior = SinePrior(parameter_names=["iota"])
16:50 ninjax INFO    :    psi_prior = UniformPrior(0.0, jnp.pi, parameter_names=["psi"])
16:50 ninjax INFO    :    ra_prior = UniformPrior(0.0, 2 * jnp.pi, parameter_names=["ra"])
16:50 ninjax INFO    :    dec_prior = CosinePrior(parameter_names=["dec"])
16:50 ninjax INFO    : Finished prior setup
16:50 ninjax INFO    : Setting the transforms
16:50 ninjax INFO    : Built sample_transforms pipeline with 0 transforms
16:50 ninjax INFO    : Built likelihood_transforms pipeline with 1 transforms
16:50 ninjax INFO    : Setting the likelihood
16:50 ninjax INFO    : GW likelihood provided, setting up the GW pipe
16:50 ninjax INFO    : eos_file is None
16:50 ninjax INFO    : No eos_file specified. Will sample lambdas uniformly.
16:50 ninjax INFO    : GW run is an injection
16:50 ninjax INFO    : Setting up GW injection . . . 
16:50 ninjax INFO    : The SNR thresholds are: 20.0 - 50.0
16:50 ninjax INFO    : Maximum injection attempts allowed: 20
16:50 ninjax INFO    : Generating new injection
16:50 ninjax INFO    : Sanity check: generated parameters:
16:50 ninjax INFO    : {'M_c': 2.1722051926432155, 'q': 0.5759096078929733, 's1_z': -0.040272021786801206, 's2_z': 0.004950256966023268, 'lambda_1': 2604.2945979722545, 'lambda_2': 994.8801167421584, 'd_L': 195.93982232217104, 't_c': 0.055341655768830295, 'phase_c': 0.44545485123365863, 'iota': 2.041201542117915, 'psi': 0.666000301276326, 'ra': 5.8295173770683, 'dec': -0.46763622995579013}
16:50 ninjax INFO    : Duration is not specified in the config. Computed chirp time: for fmin = 20.0 and M_c = 2.1722051926432155 is 64.0
16:50 ninjax INFO    : After transforms, the injection parameters are:
16:50 ninjax INFO    : {'M_c': 2.1722051926432155, 's1_z': -0.040272021786801206, 's2_z': 0.004950256966023268, 'lambda_1': 2604.2945979722545, 'lambda_2': 994.8801167421584, 'd_L': 195.93982232217104, 't_c': 0.055341655768830295, 'phase_c': 0.44545485123365863, 'iota': 2.041201542117915, 'psi': 0.666000301276326, 'ra': 5.8295173770683, 'dec': -0.46763622995579013, 'eta': 0.2318951775950812}
16:50 ninjax INFO    : The trial injection parameters are {'M_c': 2.1722051926432155, 's1_z': -0.040272021786801206, 's2_z': 0.004950256966023268, 'lambda_1': 2604.2945979722545, 'lambda_2': 994.8801167421584, 'd_L': 195.93982232217104, 't_c': 0.055341655768830295, 'phase_c': 0.44545485123365863, 'iota': 2.041201542117915, 'psi': 0.666000301276326, 'ra': 5.8295173770683, 'dec': -0.46763622995579013, 'eta': 0.2318951775950812, 'gmst': np.float64(2.7288901910520846), 'trigger_time': 1187008882.4}
16:50 ninjax INFO    : Injecting signals . . .
16:50 ninjax INFO    : self.ifos
16:50 ninjax INFO    : [GroundBased2G(H1), GroundBased2G(L1), GroundBased2G(V1)]
16:50 ninjax INFO    : Loading PSD from file: /gpfs/home6/twouters2/projects/dec_hackathon/ninjax/src/ninjax/AplusDesign_PSD.txt
16:50 ninjax INFO    : Signal injected in ifo H1. Frequencies, data, and PSD:
16:50 ninjax INFO    : [0.00000000e+00 1.56250000e-02 3.12500000e-02 ... 2.04796875e+03
 2.04798438e+03 2.04800000e+03]
16:50 ninjax INFO    : Data(name='H1_injected', delta_t=0.000244140625, epoch=62.0)
16:50 ninjax INFO    : PowerSpectrum(name='H1_psd', frequencies=[0.00000000e+00 1.56250000e-02 3.12500000e-02 ... 2.04796875e+03
 2.04798438e+03 2.04800000e+03])
16:50 ninjax INFO    : Loading PSD from file: /gpfs/home6/twouters2/projects/dec_hackathon/ninjax/src/ninjax/AplusDesign_PSD.txt
16:50 ninjax INFO    : Signal injected in ifo L1. Frequencies, data, and PSD:
16:50 ninjax INFO    : [0.00000000e+00 1.56250000e-02 3.12500000e-02 ... 2.04796875e+03
 2.04798438e+03 2.04800000e+03]
16:50 ninjax INFO    : Data(name='L1_injected', delta_t=0.000244140625, epoch=62.0)
16:50 ninjax INFO    : PowerSpectrum(name='L1_psd', frequencies=[0.00000000e+00 1.56250000e-02 3.12500000e-02 ... 2.04796875e+03
 2.04798438e+03 2.04800000e+03])
16:50 ninjax INFO    : Loading PSD from file: /gpfs/home6/twouters2/projects/dec_hackathon/ninjax/src/ninjax/AdV_psd.txt
16:50 ninjax INFO    : Signal injected in ifo V1. Frequencies, data, and PSD:
16:50 ninjax INFO    : [0.00000000e+00 1.56250000e-02 3.12500000e-02 ... 2.04796875e+03
 2.04798438e+03 2.04800000e+03]
16:50 ninjax INFO    : Data(name='V1_injected', delta_t=0.000244140625, epoch=62.0)
16:50 ninjax INFO    : PowerSpectrum(name='V1_psd', frequencies=[0.00000000e+00 1.56250000e-02 3.12500000e-02 ... 2.04796875e+03
 2.04798438e+03 2.04800000e+03])
16:50 ninjax INFO    : SNR for ifo H1 is 15.425469914546126
16:50 ninjax INFO    : SNR for ifo L1 is 14.345097135339312
16:50 ninjax INFO    : SNR for ifo V1 is 9.324182168076169
16:50 ninjax INFO    : The network SNR is 23.03621728952819
16:50 ninjax INFO    : Network SNR passes threshold
16:50 ninjax INFO    : Sanity checking the GW injection for ArrayImpl
16:50 ninjax INFO    :    M_c: 2.1722051926432155
16:50 ninjax INFO    :    q: 0.5759096078929733
16:50 ninjax INFO    :    s1_z: -0.040272021786801206
16:50 ninjax INFO    :    s2_z: 0.004950256966023268
16:50 ninjax INFO    :    lambda_1: 2604.2945979722545
16:50 ninjax INFO    :    lambda_2: 994.8801167421584
16:50 ninjax INFO    :    d_L: 195.93982232217104
16:50 ninjax INFO    :    t_c: 0.055341655768830295
16:50 ninjax INFO    :    phase_c: 0.44545485123365863
16:50 ninjax INFO    :    iota: 2.041201542117915
16:50 ninjax INFO    :    psi: 0.666000301276326
16:50 ninjax INFO    :    ra: 5.8295173770683
16:50 ninjax INFO    :    dec: -0.46763622995579013
16:50 ninjax INFO    :    H1_SNR: 15.425469914546126
16:50 ninjax INFO    :    L1_SNR: 14.345097135339312
16:50 ninjax INFO    :    V1_SNR: 9.324182168076169
16:50 ninjax INFO    :    network_SNR: 23.03621728952819
16:50 ninjax INFO    :    epoch: 62.0
16:50 ninjax INFO    :    gmst: 2.7288901910520846
16:50 ninjax INFO    :    trigger_time: 1187008882.4
16:50 ninjax INFO    :    duration: 64.0
16:50 ninjax INFO    : Using GW HeterodynedTransientLikelihoodFD. Initializing likelihood
16:50 ninjax INFO    : Using the injection parameters as reference parameters for the relative binning
16:50 ninjax INFO    : Using the following kwargs for the GW likelihood: {}
16:50 ninjax INFO    : Applying likelihood transforms to reference parameters
16:50 ninjax INFO    : Transformed ref_params keys: ['M_c', 's1_z', 's2_z', 'lambda_1', 'lambda_2', 'd_L', 't_c', 'phase_c', 'iota', 'psi', 'ra', 'dec', 'H1_SNR', 'L1_SNR', 'V1_SNR', 'network_SNR', 'epoch', 'gmst', 'trigger_time', 'duration', 'eta']
16:50 ninjax INFO    : Initialization of HeterodynedTransientLikelihoodFD took 7.394619464874268 seconds = 0.12324365774790445 minutes
16:50 ninjax INFO    : Will plot these keys: ['M_c', 'q', 's1_z', 's2_z', 'lambda_1', 'lambda_2', 'd_L', 't_c', 'phase_c', 'iota', 'psi', 'ra', 'dec']
16:50 ninjax INFO    : Will plot the labels: ['$M_c/M_\\odot$', '$q$', '$\\chi_1$', '$\\chi_2$', '$\\Lambda_1$', '$\\Lambda_2$', '$d_{\\rm{L}}/{\\rm Mpc}$', '$t_c$', '$\\phi_c$', '$\\iota$', '$\\psi$', '$\\alpha$', '$\\delta$']
16:50 ninjax INFO    : Ninjax setup complete.
16:50 ninjax INFO    : Saving output to ./
16:50 ninjax INFO    : Using polynomial learning rate scheduler
16:50 ninjax INFO    : The hyperparameters passed to Jim are:
16:50 ninjax INFO    :    n_chains: 1000
16:50 ninjax INFO    :    n_local_steps: 500
16:50 ninjax INFO    :    n_global_steps: 1000
16:50 ninjax INFO    :    n_training_loops: 20
16:50 ninjax INFO    :    n_production_loops: 10
16:50 ninjax INFO    :    n_epochs: 25
16:50 ninjax INFO    :    mala_step_size: 0.002
16:50 ninjax INFO    :    chain_batch_size: 0
16:50 ninjax INFO    :    batch_size: 5000
16:50 ninjax INFO    :    n_max_examples: 30000
16:50 ninjax INFO    :    rq_spline_hidden_units: [128, 128]
16:50 ninjax INFO    :    rq_spline_n_bins: 10
16:50 ninjax INFO    :    rq_spline_n_layers: 8
16:50 ninjax INFO    :    learning_rate: <function polynomial_schedule.<locals>.schedule at 0x1531c3417ba0>
16:50 ninjax INFO    :    local_thinning: 1
16:50 ninjax INFO    :    global_thinning: 100
16:50 ninjax INFO    :    n_NFproposal_batch_size: 100
16:50 ninjax INFO    :    history_window: 100
16:50 ninjax INFO    :    n_temperatures: 0
16:50 ninjax INFO    :    max_temperature: 10.0
16:50 ninjax INFO    :    n_tempered_steps: 5
16:50 ninjax INFO    :    verbose: False
16:50 ninjax INFO    : Analysis configuration:
16:50 ninjax INFO    :    save_training_chains: False
16:50 ninjax INFO    :    use_scheduler: True
16:50 ninjax INFO    : Fetching the injected values for plotting
16:53 ninjax INFO    : Saving training results to ./results_training.npz
16:53 ninjax INFO    : Saving the NF model
16:53 ninjax INFO    : Sampling from the trained NF
16:53 ninjax INFO    : Saving production results to ./results_production.npz
16:53 ninjax INFO    : Time taken: 155.79889059066772 seconds (2.596648176511129 minutes)
16:53 ninjax INFO    : Creating the final corner plot
16:53 ninjax INFO    : Dumping the final production chains
16:53 ninjax INFO    : Chains shape is: (13, 5100000)
16:53 ninjax INFO    : Finished successfully!
For detector H1, the injected signal has:
  - Optimal SNR: 15.4255
  - Match filtered SNR: 14.2294-1.8402j
For detector L1, the injected signal has:
  - Optimal SNR: 14.3451
  - Match filtered SNR: 12.6950-2.2493j
For detector V1, the injected signal has:
  - Optimal SNR: 9.3242
  - Match filtered SNR: 8.5253-0.3196j
No sample transforms provided. Using prior parameters as sampling parameters
Resources or strategies not provided. Using resource strategy bundles.
No initial_position provided. Sampling from prior.
Compiling MALA body
Compiling training step
Compiling training step
Compiling NF proposal kernel
Updated state target_positions to positions_production
Updated state target_log_prob to log_prob_production
Updated state target_local_accs to local_accs_production
Updated state target_global_accs to global_accs_production
Updated state training to False
DONE
